2020
1 80
1 9
1 22
1 55
1 88
1 48
1 13
1 42
1 8
1 3
2 32
2 51
2 23
2 86
2 17
2 89
2 73
2 59
2 4
2 67
2 62
2 69
2 31
2 11
2 84
2 37
2 66
2 40
2 45
2 43
2 21
2 76
2 61
2 65
2 82
2 28
2 46
2 77
2 81
2 56
2 19
2 83
2 68
2 39
2 34
2 53
2 30
2 41
2 75
2 44
2 50
2 12
2 74
2 38
2 25
2 57
2 64
2 18
2 35
2 52
2 71
2 87
2 7
2 24
2 54
2 60
2 63
2 26
2 79
2 72
2 36
2 80
2 9
2 22
2 55
2 88
2 48
2 13
2 42
2 8
2 3
4 67
4 62
4 69
4 31
4 11
4 84
4 37
4 66
4 40
4 45
4 43
4 21
4 76
4 61
4 65
4 82
4 28
4 46
4 77
4 81
4 56
4 19
4 83
4 68
4 39
4 34
4 53
4 30
4 41
4 75
4 44
4 50
4 12
4 74
4 38
4 25
4 57
4 64
4 18
4 35
4 52
4 71
4 87
4 7
4 24
4 54
4 60
4 63
4 26
4 79
4 72
4 36
4 80
4 9
4 22
4 55
4 88
4 48
4 13
4 42
4 8
5 10
5 20
5 27
5 78
5 33
5 47
5 29
5 49
5 58
5 70
5 6
5 15
5 16
5 14
5 85
5 32
5 51
5 23
5 86
5 17
5 89
5 73
5 59
5 67
5 62
5 69
5 31
5 11
5 84
5 37
5 66
5 40
5 45
5 43
5 21
5 76
5 61
5 65
5 82
5 28
5 46
5 77
5 81
5 56
5 19
5 83
5 68
5 39
5 34
5 53
5 30
5 41
5 75
5 44
5 50
5 12
5 74
5 38
5 25
5 57
5 64
5 18
5 35
5 52
5 71
5 87
5 7
5 24
5 54
5 60
5 63
5 26
5 79
5 72
5 36
5 80
5 9
5 22
5 55
5 88
5 48
5 13
5 42
5 8
6 15
6 16
6 14
6 85
6 32
6 51
6 23
6 86
6 17
6 89
6 73
6 59
6 67
6 62
6 69
6 31
6 11
6 84
6 37
6 66
6 40
6 45
6 43
6 21
6 76
6 61
6 65
6 82
6 28
6 46
6 77
6 81
6 56
6 19
6 83
6 68
6 39
6 34
6 53
6 30
6 41
6 75
6 44
6 50
6 12
6 74
6 38
6 25
6 57
6 64
6 18
6 35
6 52
6 71
6 87
6 7
6 24
6 54
6 60
6 63
6 26
6 79
6 72
6 36
6 80
6 9
6 22
6 55
6 88
6 48
6 13
6 42
6 8
7 24
7 54
7 60
7 63
7 26
7 79
7 72
7 36
7 80
7 9
7 22
7 55
7 88
7 48
7 13
7 42
7 8
9 22
9 55
9 88
9 48
9 13
9 42
10 20
10 27
10 78
10 33
10 47
10 29
10 49
10 58
10 70
10 15
10 16
10 14
10 85
10 32
10 51
10 23
10 86
10 17
10 89
10 73
10 59
10 67
10 62
10 69
10 31
10 11
10 84
10 37
10 66
10 40
10 45
10 43
10 21
10 76
10 61
10 65
10 82
10 28
10 46
10 77
10 81
10 56
10 19
10 83
10 68
10 39
10 34
10 53
10 30
10 41
10 75
10 44
10 50
10 12
10 74
10 38
10 25
10 57
10 64
10 18
10 35
10 52
10 71
10 87
10 24
10 54
10 60
10 63
10 26
10 79
10 72
10 36
10 80
10 22
10 55
10 88
10 48
10 13
10 42
11 84
11 37
11 66
11 40
11 45
11 43
11 21
11 76
11 61
11 65
11 82
11 28
11 46
11 77
11 81
11 56
11 19
11 83
11 68
11 39
11 34
11 53
11 30
11 41
11 75
11 44
11 50
11 12
11 74
11 38
11 25
11 57
11 64
11 18
11 35
11 52
11 71
11 87
11 24
11 54
11 60
11 63
11 26
11 79
11 72
11 36
11 80
11 22
11 55
11 88
11 48
11 13
11 42
12 74
12 38
12 25
12 57
12 64
12 18
12 35
12 52
12 71
12 87
12 24
12 54
12 60
12 63
12 26
12 79
12 72
12 36
12 80
12 22
12 55
12 88
12 48
12 13
12 42
13 42
14 85
14 32
14 51
14 23
14 86
14 17
14 89
14 73
14 59
14 67
14 62
14 69
14 31
14 84
14 37
14 66
14 40
14 45
14 43
14 21
14 76
14 61
14 65
14 82
14 28
14 46
14 77
14 81
14 56
14 19
14 83
14 68
14 39
14 34
14 53
14 30
14 41
14 75
14 44
14 50
14 74
14 38
14 25
14 57
14 64
14 18
14 35
14 52
14 71
14 87
14 24
14 54
14 60
14 63
14 26
14 79
14 72
14 36
14 80
14 22
14 55
14 88
14 48
14 42
15 16
15 85
15 32
15 51
15 23
15 86
15 17
15 89
15 73
15 59
15 67
15 62
15 69
15 31
15 84
15 37
15 66
15 40
15 45
15 43
15 21
15 76
15 61
15 65
15 82
15 28
15 46
15 77
15 81
15 56
15 19
15 83
15 68
15 39
15 34
15 53
15 30
15 41
15 75
15 44
15 50
15 74
15 38
15 25
15 57
15 64
15 18
15 35
15 52
15 71
15 87
15 24
15 54
15 60
15 63
15 26
15 79
15 72
15 36
15 80
15 22
15 55
15 88
15 48
15 42
16 85
16 32
16 51
16 23
16 86
16 17
16 89
16 73
16 59
16 67
16 62
16 69
16 31
16 84
16 37
16 66
16 40
16 45
16 43
16 21
16 76
16 61
16 65
16 82
16 28
16 46
16 77
16 81
16 56
16 19
16 83
16 68
16 39
16 34
16 53
16 30
16 41
16 75
16 44
16 50
16 74
16 38
16 25
16 57
16 64
16 18
16 35
16 52
16 71
16 87
16 24
16 54
16 60
16 63
16 26
16 79
16 72
16 36
16 80
16 22
16 55
16 88
16 48
16 42
17 89
17 73
17 59
17 67
17 62
17 69
17 31
17 84
17 37
17 66
17 40
17 45
17 43
17 21
17 76
17 61
17 65
17 82
17 28
17 46
17 77
17 81
17 56
17 19
17 83
17 68
17 39
17 34
17 53
17 30
17 41
17 75
17 44
17 50
17 74
17 38
17 25
17 57
17 64
17 18
17 35
17 52
17 71
17 87
17 24
17 54
17 60
17 63
17 26
17 79
17 72
17 36
17 80
17 22
17 55
17 88
17 48
17 42
18 35
18 52
18 71
18 87
18 24
18 54
18 60
18 63
18 26
18 79
18 72
18 36
18 80
18 22
18 55
18 88
18 48
18 42
19 83
19 68
19 39
19 34
19 53
19 30
19 41
19 75
19 44
19 50
19 74
19 38
19 25
19 57
19 64
19 35
19 52
19 71
19 87
19 24
19 54
19 60
19 63
19 26
19 79
19 72
19 36
19 80
19 22
19 55
19 88
19 48
19 42
20 27
20 78
20 33
20 47
20 29
20 49
20 58
20 70
20 85
20 32
20 51
20 23
20 86
20 89
20 73
20 59
20 67
20 62
20 69
20 31
20 84
20 37
20 66
20 40
20 45
20 43
20 21
20 76
20 61
20 65
20 82
20 28
20 46
20 77
20 81
20 56
20 83
20 68
20 39
20 34
20 53
20 30
20 41
20 75
20 44
20 50
20 74
20 38
20 25
20 57
20 64
20 35
20 52
20 71
20 87
20 24
20 54
20 60
20 63
20 26
20 79
20 72
20 36
20 80
20 22
20 55
20 88
20 48
20 42
21 76
21 61
21 65
21 82
21 28
21 46
21 77
21 81
21 56
21 83
21 68
21 39
21 34
21 53
21 30
21 41
21 75
21 44
21 50
21 74
21 38
21 25
21 57
21 64
21 35
21 52
21 71
21 87
21 24
21 54
21 60
21 63
21 26
21 79
21 72
21 36
21 80
21 22
21 55
21 88
21 48
21 42
22 55
22 88
22 48
22 42
23 86
23 89
23 73
23 59
23 67
23 62
23 69
23 31
23 84
23 37
23 66
23 40
23 45
23 43
23 76
23 61
23 65
23 82
23 28
23 46
23 77
23 81
23 56
23 83
23 68
23 39
23 34
23 53
23 30
23 41
23 75
23 44
23 50
23 74
23 38
23 25
23 57
23 64
23 35
23 52
23 71
23 87
23 24
23 54
23 60
23 63
23 26
23 79
23 72
23 36
23 80
23 55
23 88
23 48
23 42
24 54
24 60
24 63
24 26
24 79
24 72
24 36
24 80
24 55
24 88
24 48
24 42
25 57
25 64
25 35
25 52
25 71
25 87
25 54
25 60
25 63
25 26
25 79
25 72
25 36
25 80
25 55
25 88
25 48
25 42
26 79
26 72
26 36
26 80
26 55
26 88
26 48
26 42
27 78
27 33
27 47
27 29
27 49
27 58
27 70
27 85
27 32
27 51
27 86
27 89
27 73
27 59
27 67
27 62
27 69
27 31
27 84
27 37
27 66
27 40
27 45
27 43
27 76
27 61
27 65
27 82
27 28
27 46
27 77
27 81
27 56
27 83
27 68
27 39
27 34
27 53
27 30
27 41
27 75
27 44
27 50
27 74
27 38
27 57
27 64
27 35
27 52
27 71
27 87
27 54
27 60
27 63
27 79
27 72
27 36
27 80
27 55
27 88
27 48
27 42
28 46
28 77
28 81
28 56
28 83
28 68
28 39
28 34
28 53
28 30
28 41
28 75
28 44
28 50
28 74
28 38
28 57
28 64
28 35
28 52
28 71
28 87
28 54
28 60
28 63
28 79
28 72
28 36
28 80
28 55
28 88
28 48
28 42
29 49
29 58
29 70
29 85
29 32
29 51
29 86
29 89
29 73
29 59
29 67
29 62
29 69
29 31
29 84
29 37
29 66
29 40
29 45
29 43
29 76
29 61
29 65
29 82
29 46
29 77
29 81
29 56
29 83
29 68
29 39
29 34
29 53
29 30
29 41
29 75
29 44
29 50
29 74
29 38
29 57
29 64
29 35
29 52
29 71
29 87
29 54
29 60
29 63
29 79
29 72
29 36
29 80
29 55
29 88
29 48
29 42
30 41
30 75
30 44
30 50
30 74
30 38
30 57
30 64
30 35
30 52
30 71
30 87
30 54
30 60
30 63
30 79
30 72
30 36
30 80
30 55
30 88
30 48
30 42
31 84
31 37
31 66
31 40
31 45
31 43
31 76
31 61
31 65
31 82
31 46
31 77
31 81
31 56
31 83
31 68
31 39
31 34
31 53
31 41
31 75
31 44
31 50
31 74
31 38
31 57
31 64
31 35
31 52
31 71
31 87
31 54
31 60
31 63
31 79
31 72
31 36
31 80
31 55
31 88
31 48
31 42
32 51
32 86
32 89
32 73
32 59
32 67
32 62
32 69
32 84
32 37
32 66
32 40
32 45
32 43
32 76
32 61
32 65
32 82
32 46
32 77
32 81
32 56
32 83
32 68
32 39
32 34
32 53
32 41
32 75
32 44
32 50
32 74
32 38
32 57
32 64
32 35
32 52
32 71
32 87
32 54
32 60
32 63
32 79
32 72
32 36
32 80
32 55
32 88
32 48
32 42
33 47
33 49
33 58
33 70
33 85
33 51
33 86
33 89
33 73
33 59
33 67
33 62
33 69
33 84
33 37
33 66
33 40
33 45
33 43
33 76
33 61
33 65
33 82
33 46
33 77
33 81
33 56
33 83
33 68
33 39
33 34
33 53
33 41
33 75
33 44
33 50
33 74
33 38
33 57
33 64
33 35
33 52
33 71
33 87
33 54
33 60
33 63
33 79
33 72
33 36
33 80
33 55
33 88
33 48
33 42
34 53
34 41
34 75
34 44
34 50
34 74
34 38
34 57
34 64
34 35
34 52
34 71
34 87
34 54
34 60
34 63
34 79
34 72
34 36
34 80
34 55
34 88
34 48
34 42
35 52
35 71
35 87
35 54
35 60
35 63
35 79
35 72
35 36
35 80
35 55
35 88
35 48
35 42
36 80
36 55
36 88
36 48
36 42
37 66
37 40
37 45
37 43
37 76
37 61
37 65
37 82
37 46
37 77
37 81
37 56
37 83
37 68
37 39
37 53
37 41
37 75
37 44
37 50
37 74
37 38
37 57
37 64
37 52
37 71
37 87
37 54
37 60
37 63
37 79
37 72
37 80
37 55
37 88
37 48
37 42
38 57
38 64
38 52
38 71
38 87
38 54
38 60
38 63
38 79
38 72
38 80
38 55
38 88
38 48
38 42
39 53
39 41
39 75
39 44
39 50
39 74
39 57
39 64
39 52
39 71
39 87
39 54
39 60
39 63
39 79
39 72
39 80
39 55
39 88
39 48
39 42
40 45
40 43
40 76
40 61
40 65
40 82
40 46
40 77
40 81
40 56
40 83
40 68
40 53
40 41
40 75
40 44
40 50
40 74
40 57
40 64
40 52
40 71
40 87
40 54
40 60
40 63
40 79
40 72
40 80
40 55
40 88
40 48
40 42
41 75
41 44
41 50
41 74
41 57
41 64
41 52
41 71
41 87
41 54
41 60
41 63
41 79
41 72
41 80
41 55
41 88
41 48
41 42
43 76
43 61
43 65
43 82
43 46
43 77
43 81
43 56
43 83
43 68
43 53
43 75
43 44
43 50
43 74
43 57
43 64
43 52
43 71
43 87
43 54
43 60
43 63
43 79
43 72
43 80
43 55
43 88
43 48
44 50
44 74
44 57
44 64
44 52
44 71
44 87
44 54
44 60
44 63
44 79
44 72
44 80
44 55
44 88
44 48
45 76
45 61
45 65
45 82
45 46
45 77
45 81
45 56
45 83
45 68
45 53
45 75
45 50
45 74
45 57
45 64
45 52
45 71
45 87
45 54
45 60
45 63
45 79
45 72
45 80
45 55
45 88
45 48
46 77
46 81
46 56
46 83
46 68
46 53
46 75
46 50
46 74
46 57
46 64
46 52
46 71
46 87
46 54
46 60
46 63
46 79
46 72
46 80
46 55
46 88
46 48
47 49
47 58
47 70
47 85
47 51
47 86
47 89
47 73
47 59
47 67
47 62
47 69
47 84
47 66
47 76
47 61
47 65
47 82
47 77
47 81
47 56
47 83
47 68
47 53
47 75
47 50
47 74
47 57
47 64
47 52
47 71
47 87
47 54
47 60
47 63
47 79
47 72
47 80
47 55
47 88
47 48
49 58
49 70
49 85
49 51
49 86
49 89
49 73
49 59
49 67
49 62
49 69
49 84
49 66
49 76
49 61
49 65
49 82
49 77
49 81
49 56
49 83
49 68
49 53
49 75
49 50
49 74
49 57
49 64
49 52
49 71
49 87
49 54
49 60
49 63
49 79
49 72
49 80
49 55
49 88
50 74
50 57
50 64
50 52
50 71
50 87
50 54
50 60
50 63
50 79
50 72
50 80
50 55
50 88
51 86
51 89
51 73
51 59
51 67
51 62
51 69
51 84
51 66
51 76
51 61
51 65
51 82
51 77
51 81
51 56
51 83
51 68
51 53
51 75
51 74
51 57
51 64
51 52
51 71
51 87
51 54
51 60
51 63
51 79
51 72
51 80
51 55
51 88
52 71
52 87
52 54
52 60
52 63
52 79
52 72
52 80
52 55
52 88
53 75
53 74
53 57
53 64
53 71
53 87
53 54
53 60
53 63
53 79
53 72
53 80
53 55
53 88
54 60
54 63
54 79
54 72
54 80
54 55
54 88
55 88
56 83
56 68
56 75
56 74
56 57
56 64
56 71
56 87
56 60
56 63
56 79
56 72
56 80
56 88
57 64
57 71
57 87
57 60
57 63
57 79
57 72
57 80
57 88
58 70
58 85
58 86
58 89
58 73
58 59
58 67
58 62
58 69
58 84
58 66
58 76
58 61
58 65
58 82
58 77
58 81
58 83
58 68
58 75
58 74
58 64
58 71
58 87
58 60
58 63
58 79
58 72
58 80
58 88
59 67
59 62
59 69
59 84
59 66
59 76
59 61
59 65
59 82
59 77
59 81
59 83
59 68
59 75
59 74
59 64
59 71
59 87
59 60
59 63
59 79
59 72
59 80
59 88
60 63
60 79
60 72
60 80
60 88
61 65
61 82
61 77
61 81
61 83
61 68
61 75
61 74
61 64
61 71
61 87
61 63
61 79
61 72
61 80
61 88
62 69
62 84
62 66
62 76
62 65
62 82
62 77
62 81
62 83
62 68
62 75
62 74
62 64
62 71
62 87
62 63
62 79
62 72
62 80
62 88
63 79
63 72
63 80
63 88
64 71
64 87
64 79
64 72
64 80
64 88
65 82
65 77
65 81
65 83
65 68
65 75
65 74
65 71
65 87
65 79
65 72
65 80
65 88
66 76
66 82
66 77
66 81
66 83
66 68
66 75
66 74
66 71
66 87
66 79
66 72
66 80
66 88
67 69
67 84
67 76
67 82
67 77
67 81
67 83
67 68
67 75
67 74
67 71
67 87
67 79
67 72
67 80
67 88
68 75
68 74
68 71
68 87
68 79
68 72
68 80
68 88
69 84
69 76
69 82
69 77
69 81
69 83
69 75
69 74
69 71
69 87
69 79
69 72
69 80
69 88
70 85
70 86
70 89
70 73
70 84
70 76
70 82
70 77
70 81
70 83
70 75
70 74
70 71
70 87
70 79
70 72
70 80
70 88
71 87
71 79
71 72
71 80
71 88
72 80
72 88
73 84
73 76
73 82
73 77
73 81
73 83
73 75
73 74
73 87
73 79
73 80
73 88
74 87
74 79
74 80
74 88
75 87
75 79
75 80
75 88
76 82
76 77
76 81
76 83
76 87
76 79
76 80
76 88
77 81
77 83
77 87
77 79
77 80
77 88
78 85
78 86
78 89
78 84
78 82
78 81
78 83
78 87
78 79
78 80
78 88
79 80
79 88
80 88
81 83
81 87
81 88
82 83
82 87
82 88
83 87
83 88
84 87
84 88
85 86
85 89
85 87
85 88
86 89
86 87
86 88
87 88
